0 info it worked if it ends with ok
1 verbose cli [ '/Users/jsajnani/.meteor/tools/latest/bin/node',
1 verbose cli   '/Users/jsajnani/.meteor/tools/latest/bin/npm',
1 verbose cli   'start' ]
2 info using npm@1.4.9
3 info using node@v0.10.28
4 verbose node symlink /Users/jsajnani/.meteor/tools/latest/bin/node
5 verbose run-script [ 'prestart', 'start', 'poststart' ]
6 info prestart vimeoTutorial@0.0.0
7 info start vimeoTutorial@0.0.0
8 verbose unsafe-perm in lifecycle true
9 info vimeoTutorial@0.0.0 Failed to exec start script
10 error vimeoTutorial@0.0.0 start: `node ./bin/www`
10 error Exit status 8
11 error Failed at the vimeoTutorial@0.0.0 start script.
11 error This is most likely a problem with the vimeoTutorial package,
11 error not with npm itself.
11 error Tell the author that this fails on your system:
11 error     node ./bin/www
11 error You can get their info via:
11 error     npm owner ls vimeoTutorial
11 error There is likely additional logging output above.
12 error System Darwin 14.1.0
13 error command "/Users/jsajnani/.meteor/tools/latest/bin/node" "/Users/jsajnani/.meteor/tools/latest/bin/npm" "start"
14 error cwd /Users/jsajnani/Desktop/vimeoTutorial/node_todolist
15 error node -v v0.10.28
16 error npm -v 1.4.9
17 error code ELIFECYCLE
18 verbose exit [ 1, true ]
